<?xml version="1.0" encoding="UTF-8"?>
<!-- Generated by org.testng.reporters.JUnitXMLReporter -->
<testsuite ignored="0" hostname="Jenifer_041" failures="0" tests="4" name="Test" time="76.308" errors="0" timestamp="2022-08-18T10:28:43 IST">
  <testcase classname="Login_Test.bothcorrect" name="bothcorrect_uname_password" time="19.937"/>
  <testcase classname="Login_Test.bothnotcorrect" name="bothwrong_uname_password" time="18.452"/>
  <testcase classname="Login_Test.unamecorrect" name="correct_uname_password" time="17.36"/>
  <testcase classname="Login_Test.upasswordcorrect" name="wrong_uname_correct_password" time="20.501"/>
</testsuite> <!-- Test -->
